2025-05-14 21:30:07	POST - /api/auth/send-email
2025-05-14 21:32:31	POST - /api/auth/send-otp
2025-05-14 21:39:14	POST - /api/auth/send-otp
2025-05-14 21:44:07	POST - /api/auth/verify-otp
2025-05-14 21:45:15	POST - /api/auth/send-otp
2025-05-14 21:46:37	POST - /api/auth/verify-otp
2025-05-14 21:47:15	POST - /api/auth/register
2025-05-14 22:00:00	POST - /api/auth/login
2025-05-14 22:03:30	POST - /api/auth/send-otp
2025-05-14 22:08:50	POST - /api/auth/verify-otp
2025-05-14 22:17:22	POST - /api/auth/upload_avatar
2025-05-14 22:39:20	POST - /api/auth/register-corperate
2025-05-14 23:04:14	POST - /api/auth/register-corperate
2025-05-14 23:19:01	POST - /api/auth/register-corperate
2025-05-14 23:25:24	POST - /api/auth/register-corperate
2025-05-14 23:27:52	POST - /api/auth/register-corperate
2025-05-14 23:42:14	POST - /api/auth/register-corperate
2025-05-15 08:54:58	POST - /api/auth/register-corperate
2025-05-15 09:14:08	POST - /api/auth/register-corperate
2025-05-15 10:58:58	POST - /api/auth/register-corperate
2025-05-15 18:08:30	POST - /api/auth/register-corperate
2025-05-15 19:02:33	POST - /api/auth/register-corperate
2025-05-15 19:06:51	POST - /api/auth/login
2025-05-15 19:17:06	POST - /api/auth/login
2025-05-17 10:21:37	POST - /api/auth/send-otp
2025-05-17 10:23:13	POST - /api/auth/send-otp
2025-05-19 10:56:28	POST - /api/auth/login
2025-05-19 10:57:23	GET - /api/sectors
2025-05-19 10:59:27	GET - /api/sectors
2025-05-19 13:05:14	GET - /api/sectors
2025-05-19 13:10:07	GET - /api/sectors
2025-05-19 13:21:15	GET - /api/sectors
2025-05-19 14:12:25	GET - /api/sectors
2025-05-19 14:19:55	GET - /api/sectors
2025-05-19 14:23:07	GET - /api/sectors
2025-05-19 14:23:41	GET - /api/sectors
